tests/errors/out-of-scope.w:6:1: error: identifier does not exist
}
^
tests/errors/out-of-scope.w:6:1: error: type mismatch
}
^
